2017-11-01 12:52:37,744  INFO [main] LoginTest:32 - ****************************** Starting test cases execution  *****************************************
2017-11-01 12:52:38,360 DEBUG [Forwarding newSession on session null to remote] RequestAddCookies:123 - CookieSpec selected: default
2017-11-01 12:52:38,370 DEBUG [Forwarding newSession on session null to remote] RequestAuthCache:77 - Auth cache not set in the context
2017-11-01 12:52:38,372 DEBUG [Forwarding newSession on session null to remote] PoolingHttpClientConnectionManager:255 - Connection request: [route: {}->http://localhost:38260][total kept alive: 0; route allocated: 0 of 2000; total allocated: 0 of 2000]
2017-11-01 12:52:38,383 DEBUG [Forwarding newSession on session null to remote] PoolingHttpClientConnectionManager:288 - Connection leased: [id: 0][route: {}->http://localhost:38260][total kept alive: 0; route allocated: 1 of 2000; total allocated: 1 of 2000]
2017-11-01 12:52:38,385 DEBUG [Forwarding newSession on session null to remote] MainClientExec:235 - Opening connection {}->http://localhost:38260
2017-11-01 12:52:38,386 DEBUG [Forwarding newSession on session null to remote] DefaultHttpClientConnectionOperator:139 - Connecting to localhost/127.0.0.1:38260
2017-11-01 12:52:38,388 DEBUG [Forwarding newSession on session null to remote] DefaultHttpClientConnectionOperator:146 - Connection established 127.0.0.1:54478<->127.0.0.1:38260
2017-11-01 12:52:38,388 DEBUG [Forwarding newSession on session null to remote] DefaultManagedHttpClientConnection:88 - http-outgoing-0: set socket timeout to 10800000
2017-11-01 12:52:38,389 DEBUG [Forwarding newSession on session null to remote] MainClientExec:256 - Executing request POST /session HTTP/1.1
2017-11-01 12:52:38,389 DEBUG [Forwarding newSession on session null to remote] MainClientExec:261 - Target auth state: UNCHALLENGED
2017-11-01 12:52:38,390 DEBUG [Forwarding newSession on session null to remote] MainClientExec:267 - Proxy auth state: UNCHALLENGED
2017-11-01 12:52:38,391 DEBUG [Forwarding newSession on session null to remote] headers:133 - http-outgoing-0 >> POST /session HTTP/1.1
2017-11-01 12:52:38,392 DEBUG [Forwarding newSession on session null to remote] headers:136 - http-outgoing-0 >> Content-Type: application/json; charset=utf-8
2017-11-01 12:52:38,392 DEBUG [Forwarding newSession on session null to remote] headers:136 - http-outgoing-0 >> Content-Length: 550
2017-11-01 12:52:38,392 DEBUG [Forwarding newSession on session null to remote] headers:136 - http-outgoing-0 >> Host: localhost:38260
2017-11-01 12:52:38,393 DEBUG [Forwarding newSession on session null to remote] headers:136 - http-outgoing-0 >> Connection: Keep-Alive
2017-11-01 12:52:38,394 DEBUG [Forwarding newSession on session null to remote] headers:136 - http-outgoing-0 >> User-Agent: Apache-HttpClient/4.5.3 (Java/1.8.0_144)
2017-11-01 12:52:38,394 DEBUG [Forwarding newSession on session null to remote] headers:136 - http-outgoing-0 >> Accept-Encoding: gzip,deflate
2017-11-01 12:52:38,395 DEBUG [Forwarding newSession on session null to remote] wire:73 - http-outgoing-0 >> "POST /session HTTP/1.1[\r][\n]"
2017-11-01 12:52:38,395 DEBUG [Forwarding newSession on session null to remote] wire:73 - http-outgoing-0 >> "Content-Type: application/json; charset=utf-8[\r][\n]"
2017-11-01 12:52:38,395 DEBUG [Forwarding newSession on session null to remote] wire:73 - http-outgoing-0 >> "Content-Length: 550[\r][\n]"
2017-11-01 12:52:38,396 DEBUG [Forwarding newSession on session null to remote] wire:73 - http-outgoing-0 >> "Host: localhost:38260[\r][\n]"
2017-11-01 12:52:38,397 DEBUG [Forwarding newSession on session null to remote] wire:73 - http-outgoing-0 >> "Connection: Keep-Alive[\r][\n]"
2017-11-01 12:52:38,397 DEBUG [Forwarding newSession on session null to remote] wire:73 - http-outgoing-0 >> "User-Agent: Apache-HttpClient/4.5.3 (Java/1.8.0_144)[\r][\n]"
2017-11-01 12:52:38,398 DEBUG [Forwarding newSession on session null to remote] wire:73 - http-outgoing-0 >> "Accept-Encoding: gzip,deflate[\r][\n]"
2017-11-01 12:52:38,399 DEBUG [Forwarding newSession on session null to remote] wire:73 - http-outgoing-0 >> "[\r][\n]"
2017-11-01 12:52:38,399 DEBUG [Forwarding newSession on session null to remote] wire:73 - http-outgoing-0 >> "{[\n]"
2017-11-01 12:52:38,399 DEBUG [Forwarding newSession on session null to remote] wire:73 - http-outgoing-0 >> "  "desiredCapabilities": {[\n]"
2017-11-01 12:52:38,400 DEBUG [Forwarding newSession on session null to remote] wire:73 - http-outgoing-0 >> "    "browserName": "chrome",[\n]"
2017-11-01 12:52:38,400 DEBUG [Forwarding newSession on session null to remote] wire:73 - http-outgoing-0 >> "    "chromeOptions": {[\n]"
2017-11-01 12:52:38,401 DEBUG [Forwarding newSession on session null to remote] wire:73 - http-outgoing-0 >> "      "args": [],[\n]"
2017-11-01 12:52:38,402 DEBUG [Forwarding newSession on session null to remote] wire:73 - http-outgoing-0 >> "      "extensions": [][\n]"
2017-11-01 12:52:38,402 DEBUG [Forwarding newSession on session null to remote] wire:73 - http-outgoing-0 >> "    },[\n]"
2017-11-01 12:52:38,403 DEBUG [Forwarding newSession on session null to remote] wire:73 - http-outgoing-0 >> "    "version": "",[\n]"
2017-11-01 12:52:38,403 DEBUG [Forwarding newSession on session null to remote] wire:73 - http-outgoing-0 >> "    "platform": "ANY"[\n]"
2017-11-01 12:52:38,403 DEBUG [Forwarding newSession on session null to remote] wire:73 - http-outgoing-0 >> "  },[\n]"
2017-11-01 12:52:38,404 DEBUG [Forwarding newSession on session null to remote] wire:73 - http-outgoing-0 >> "  "requiredCapabilities": {},[\n]"
2017-11-01 12:52:38,404 DEBUG [Forwarding newSession on session null to remote] wire:73 - http-outgoing-0 >> "  "capabilities": {[\n]"
2017-11-01 12:52:38,404 DEBUG [Forwarding newSession on session null to remote] wire:73 - http-outgoing-0 >> "    "desiredCapabilities": {[\n]"
2017-11-01 12:52:38,404 DEBUG [Forwarding newSession on session null to remote] wire:73 - http-outgoing-0 >> "      "browserName": "chrome",[\n]"
2017-11-01 12:52:38,405 DEBUG [Forwarding newSession on session null to remote] wire:73 - http-outgoing-0 >> "      "chromeOptions": {[\n]"
2017-11-01 12:52:38,405 DEBUG [Forwarding newSession on session null to remote] wire:73 - http-outgoing-0 >> "        "args": [],[\n]"
2017-11-01 12:52:38,405 DEBUG [Forwarding newSession on session null to remote] wire:73 - http-outgoing-0 >> "        "extensions": [][\n]"
2017-11-01 12:52:38,405 DEBUG [Forwarding newSession on session null to remote] wire:73 - http-outgoing-0 >> "      },[\n]"
2017-11-01 12:52:38,406 DEBUG [Forwarding newSession on session null to remote] wire:73 - http-outgoing-0 >> "      "version": "",[\n]"
2017-11-01 12:52:38,406 DEBUG [Forwarding newSession on session null to remote] wire:73 - http-outgoing-0 >> "      "platform": "ANY"[\n]"
2017-11-01 12:52:38,406 DEBUG [Forwarding newSession on session null to remote] wire:73 - http-outgoing-0 >> "    },[\n]"
2017-11-01 12:52:38,406 DEBUG [Forwarding newSession on session null to remote] wire:73 - http-outgoing-0 >> "    "requiredCapabilities": {},[\n]"
2017-11-01 12:52:38,407 DEBUG [Forwarding newSession on session null to remote] wire:73 - http-outgoing-0 >> "    "alwaysMatch": {},[\n]"
2017-11-01 12:52:38,407 DEBUG [Forwarding newSession on session null to remote] wire:73 - http-outgoing-0 >> "    "firstMatch": [[\n]"
2017-11-01 12:52:38,407 DEBUG [Forwarding newSession on session null to remote] wire:73 - http-outgoing-0 >> "      {[\n]"
2017-11-01 12:52:38,407 DEBUG [Forwarding newSession on session null to remote] wire:73 - http-outgoing-0 >> "        "browserName": "chrome"[\n]"
2017-11-01 12:52:38,408 DEBUG [Forwarding newSession on session null to remote] wire:73 - http-outgoing-0 >> "      }[\n]"
2017-11-01 12:52:38,408 DEBUG [Forwarding newSession on session null to remote] wire:73 - http-outgoing-0 >> "    ][\n]"
2017-11-01 12:52:38,408 DEBUG [Forwarding newSession on session null to remote] wire:73 - http-outgoing-0 >> "  }[\n]"
2017-11-01 12:52:38,409 DEBUG [Forwarding newSession on session null to remote] wire:87 - http-outgoing-0 >> "}"
2017-11-01 12:52:39,199 DEBUG [Forwarding newSession on session null to remote] wire:73 - http-outgoing-0 << "HTTP/1.1 200 OK[\r][\n]"
2017-11-01 12:52:39,199 DEBUG [Forwarding newSession on session null to remote] wire:73 - http-outgoing-0 << "Content-Length:816[\r][\n]"
2017-11-01 12:52:39,200 DEBUG [Forwarding newSession on session null to remote] wire:73 - http-outgoing-0 << "Content-Type:application/json; charset=utf-8[\r][\n]"
2017-11-01 12:52:39,200 DEBUG [Forwarding newSession on session null to remote] wire:73 - http-outgoing-0 << "Connection:close[\r][\n]"
2017-11-01 12:52:39,201 DEBUG [Forwarding newSession on session null to remote] wire:73 - http-outgoing-0 << "[\r][\n]"
2017-11-01 12:52:39,201 DEBUG [Forwarding newSession on session null to remote] wire:87 - http-outgoing-0 << "{"sessionId":"012cbe2862bb400d1424869ebd724800","status":0,"value":{"acceptSslCerts":true,"applicationCacheEnabled":false,"browserConnectionEnabled":false,"browserName":"chrome","chrome":{"chromedriverVersion":"2.32.498537 (cb2f855cbc7b82e20387eaf9a43f6b99b6105061)","userDataDir":"/var/folders/fd/lw5s91x96f947xsp40gd_2180000gp/T/.org.chromium.Chromium.tx4BLu"},"cssSelectorsEnabled":true,"databaseEnabled":false,"handlesAlerts":true,"hasTouchScreen":false,"javascriptEnabled":true,"locationContextEnabled":true,"mobileEmulationEnabled":false,"nativeEvents":true,"networkConnectionEnabled":false,"pageLoadStrategy":"normal","platform":"Mac OS X","rotatable":false,"setWindowRect":true,"takesHeapSnapshot":true,"takesScreenshot":true,"unexpectedAlertBehaviour":"","version":"61.0.3163.100","webStorageEnabled":true}}"
2017-11-01 12:52:39,203 DEBUG [Forwarding newSession on session null to remote] headers:122 - http-outgoing-0 << HTTP/1.1 200 OK
2017-11-01 12:52:39,204 DEBUG [Forwarding newSession on session null to remote] headers:125 - http-outgoing-0 << Content-Length:816
2017-11-01 12:52:39,204 DEBUG [Forwarding newSession on session null to remote] headers:125 - http-outgoing-0 << Content-Type:application/json; charset=utf-8
2017-11-01 12:52:39,204 DEBUG [Forwarding newSession on session null to remote] headers:125 - http-outgoing-0 << Connection:close
2017-11-01 12:52:39,211 DEBUG [Forwarding newSession on session null to remote] DefaultManagedHttpClientConnection:79 - http-outgoing-0: Close connection
2017-11-01 12:52:39,211 DEBUG [Forwarding newSession on session null to remote] MainClientExec:104 - Connection discarded
2017-11-01 12:52:39,212 DEBUG [Forwarding newSession on session null to remote] PoolingHttpClientConnectionManager:326 - Connection released: [id: 0][route: {}->http://localhost:38260][total kept alive: 0; route allocated: 0 of 2000; total allocated: 0 of 2000]
2017-11-01 12:52:39,251  INFO [main] LoginTest:36 - launching chrome broswer
2017-11-01 12:52:39,255 DEBUG [Forwarding maximizeCurrentWindow on session 012cbe2862bb400d1424869ebd724800 to remote] RequestAddCookies:123 - CookieSpec selected: default
2017-11-01 12:52:39,256 DEBUG [Forwarding maximizeCurrentWindow on session 012cbe2862bb400d1424869ebd724800 to remote] RequestAuthCache:77 - Auth cache not set in the context
2017-11-01 12:52:39,256 DEBUG [Forwarding maximizeCurrentWindow on session 012cbe2862bb400d1424869ebd724800 to remote] PoolingHttpClientConnectionManager:255 - Connection request: [route: {}->http://localhost:38260][total kept alive: 0; route allocated: 0 of 2000; total allocated: 0 of 2000]
2017-11-01 12:52:39,256 DEBUG [Forwarding maximizeCurrentWindow on session 012cbe2862bb400d1424869ebd724800 to remote] PoolingHttpClientConnectionManager:288 - Connection leased: [id: 1][route: {}->http://localhost:38260][total kept alive: 0; route allocated: 1 of 2000; total allocated: 1 of 2000]
2017-11-01 12:52:39,257 DEBUG [Forwarding maximizeCurrentWindow on session 012cbe2862bb400d1424869ebd724800 to remote] MainClientExec:235 - Opening connection {}->http://localhost:38260
2017-11-01 12:52:39,257 DEBUG [Forwarding maximizeCurrentWindow on session 012cbe2862bb400d1424869ebd724800 to remote] DefaultHttpClientConnectionOperator:139 - Connecting to localhost/127.0.0.1:38260
2017-11-01 12:52:39,258 DEBUG [Forwarding maximizeCurrentWindow on session 012cbe2862bb400d1424869ebd724800 to remote] DefaultHttpClientConnectionOperator:146 - Connection established 127.0.0.1:54493<->127.0.0.1:38260
2017-11-01 12:52:39,258 DEBUG [Forwarding maximizeCurrentWindow on session 012cbe2862bb400d1424869ebd724800 to remote] DefaultManagedHttpClientConnection:88 - http-outgoing-1: set socket timeout to 10800000
2017-11-01 12:52:39,259 DEBUG [Forwarding maximizeCurrentWindow on session 012cbe2862bb400d1424869ebd724800 to remote] MainClientExec:256 - Executing request POST /session/012cbe2862bb400d1424869ebd724800/window/current/maximize HTTP/1.1
2017-11-01 12:52:39,259 DEBUG [Forwarding maximizeCurrentWindow on session 012cbe2862bb400d1424869ebd724800 to remote] MainClientExec:261 - Target auth state: UNCHALLENGED
2017-11-01 12:52:39,260 DEBUG [Forwarding maximizeCurrentWindow on session 012cbe2862bb400d1424869ebd724800 to remote] MainClientExec:267 - Proxy auth state: UNCHALLENGED
2017-11-01 12:52:39,260 DEBUG [Forwarding maximizeCurrentWindow on session 012cbe2862bb400d1424869ebd724800 to remote] headers:133 - http-outgoing-1 >> POST /session/012cbe2862bb400d1424869ebd724800/window/current/maximize HTTP/1.1
2017-11-01 12:52:39,260 DEBUG [Forwarding maximizeCurrentWindow on session 012cbe2862bb400d1424869ebd724800 to remote] headers:136 - http-outgoing-1 >> Content-Type: application/json; charset=utf-8
2017-11-01 12:52:39,261 DEBUG [Forwarding maximizeCurrentWindow on session 012cbe2862bb400d1424869ebd724800 to remote] headers:136 - http-outgoing-1 >> Content-Length: 45
2017-11-01 12:52:39,261 DEBUG [Forwarding maximizeCurrentWindow on session 012cbe2862bb400d1424869ebd724800 to remote] headers:136 - http-outgoing-1 >> Host: localhost:38260
2017-11-01 12:52:39,261 DEBUG [Forwarding maximizeCurrentWindow on session 012cbe2862bb400d1424869ebd724800 to remote] headers:136 - http-outgoing-1 >> Connection: Keep-Alive
2017-11-01 12:52:39,262 DEBUG [Forwarding maximizeCurrentWindow on session 012cbe2862bb400d1424869ebd724800 to remote] headers:136 - http-outgoing-1 >> User-Agent: Apache-HttpClient/4.5.3 (Java/1.8.0_144)
2017-11-01 12:52:39,262 DEBUG [Forwarding maximizeCurrentWindow on session 012cbe2862bb400d1424869ebd724800 to remote] headers:136 - http-outgoing-1 >> Accept-Encoding: gzip,deflate
2017-11-01 12:52:39,262 DEBUG [Forwarding maximizeCurrentWindow on session 012cbe2862bb400d1424869ebd724800 to remote] wire:73 - http-outgoing-1 >> "POST /session/012cbe2862bb400d1424869ebd724800/window/current/maximize HTTP/1.1[\r][\n]"
2017-11-01 12:52:39,262 DEBUG [Forwarding maximizeCurrentWindow on session 012cbe2862bb400d1424869ebd724800 to remote] wire:73 - http-outgoing-1 >> "Content-Type: application/json; charset=utf-8[\r][\n]"
2017-11-01 12:52:39,263 DEBUG [Forwarding maximizeCurrentWindow on session 012cbe2862bb400d1424869ebd724800 to remote] wire:73 - http-outgoing-1 >> "Content-Length: 45[\r][\n]"
2017-11-01 12:52:39,263 DEBUG [Forwarding maximizeCurrentWindow on session 012cbe2862bb400d1424869ebd724800 to remote] wire:73 - http-outgoing-1 >> "Host: localhost:38260[\r][\n]"
2017-11-01 12:52:39,263 DEBUG [Forwarding maximizeCurrentWindow on session 012cbe2862bb400d1424869ebd724800 to remote] wire:73 - http-outgoing-1 >> "Connection: Keep-Alive[\r][\n]"
2017-11-01 12:52:39,263 DEBUG [Forwarding maximizeCurrentWindow on session 012cbe2862bb400d1424869ebd724800 to remote] wire:73 - http-outgoing-1 >> "User-Agent: Apache-HttpClient/4.5.3 (Java/1.8.0_144)[\r][\n]"
2017-11-01 12:52:39,264 DEBUG [Forwarding maximizeCurrentWindow on session 012cbe2862bb400d1424869ebd724800 to remote] wire:73 - http-outgoing-1 >> "Accept-Encoding: gzip,deflate[\r][\n]"
2017-11-01 12:52:39,264 DEBUG [Forwarding maximizeCurrentWindow on session 012cbe2862bb400d1424869ebd724800 to remote] wire:73 - http-outgoing-1 >> "[\r][\n]"
2017-11-01 12:52:39,264 DEBUG [Forwarding maximizeCurrentWindow on session 012cbe2862bb400d1424869ebd724800 to remote] wire:87 - http-outgoing-1 >> "{"windowHandle":"current","handle":"current"}"
2017-11-01 12:52:39,398 DEBUG [Forwarding maximizeCurrentWindow on session 012cbe2862bb400d1424869ebd724800 to remote] wire:73 - http-outgoing-1 << "HTTP/1.1 200 OK[\r][\n]"
2017-11-01 12:52:39,398 DEBUG [Forwarding maximizeCurrentWindow on session 012cbe2862bb400d1424869ebd724800 to remote] wire:73 - http-outgoing-1 << "Content-Length:72[\r][\n]"
2017-11-01 12:52:39,399 DEBUG [Forwarding maximizeCurrentWindow on session 012cbe2862bb400d1424869ebd724800 to remote] wire:73 - http-outgoing-1 << "Content-Type:application/json; charset=utf-8[\r][\n]"
2017-11-01 12:52:39,399 DEBUG [Forwarding maximizeCurrentWindow on session 012cbe2862bb400d1424869ebd724800 to remote] wire:73 - http-outgoing-1 << "Connection:close[\r][\n]"
2017-11-01 12:52:39,399 DEBUG [Forwarding maximizeCurrentWindow on session 012cbe2862bb400d1424869ebd724800 to remote] wire:73 - http-outgoing-1 << "[\r][\n]"
2017-11-01 12:52:39,400 DEBUG [Forwarding maximizeCurrentWindow on session 012cbe2862bb400d1424869ebd724800 to remote] wire:87 - http-outgoing-1 << "{"sessionId":"012cbe2862bb400d1424869ebd724800","status":0,"value":null}"
2017-11-01 12:52:39,400 DEBUG [Forwarding maximizeCurrentWindow on session 012cbe2862bb400d1424869ebd724800 to remote] headers:122 - http-outgoing-1 << HTTP/1.1 200 OK
2017-11-01 12:52:39,405 DEBUG [Forwarding maximizeCurrentWindow on session 012cbe2862bb400d1424869ebd724800 to remote] headers:125 - http-outgoing-1 << Content-Length:72
2017-11-01 12:52:39,406 DEBUG [Forwarding maximizeCurrentWindow on session 012cbe2862bb400d1424869ebd724800 to remote] headers:125 - http-outgoing-1 << Content-Type:application/json; charset=utf-8
2017-11-01 12:52:39,407 DEBUG [Forwarding maximizeCurrentWindow on session 012cbe2862bb400d1424869ebd724800 to remote] headers:125 - http-outgoing-1 << Connection:close
2017-11-01 12:52:39,408 DEBUG [Forwarding maximizeCurrentWindow on session 012cbe2862bb400d1424869ebd724800 to remote] DefaultManagedHttpClientConnection:79 - http-outgoing-1: Close connection
2017-11-01 12:52:39,408 DEBUG [Forwarding maximizeCurrentWindow on session 012cbe2862bb400d1424869ebd724800 to remote] MainClientExec:104 - Connection discarded
2017-11-01 12:52:39,409 DEBUG [Forwarding maximizeCurrentWindow on session 012cbe2862bb400d1424869ebd724800 to remote] PoolingHttpClientConnectionManager:326 - Connection released: [id: 1][route: {}->http://localhost:38260][total kept alive: 0; route allocated: 0 of 2000; total allocated: 0 of 2000]
2017-11-01 12:52:39,411 DEBUG [Forwarding deleteAllCookies on session 012cbe2862bb400d1424869ebd724800 to remote] RequestAddCookies:123 - CookieSpec selected: default
2017-11-01 12:52:39,412 DEBUG [Forwarding deleteAllCookies on session 012cbe2862bb400d1424869ebd724800 to remote] RequestAuthCache:77 - Auth cache not set in the context
2017-11-01 12:52:39,412 DEBUG [Forwarding deleteAllCookies on session 012cbe2862bb400d1424869ebd724800 to remote] PoolingHttpClientConnectionManager:255 - Connection request: [route: {}->http://localhost:38260][total kept alive: 0; route allocated: 0 of 2000; total allocated: 0 of 2000]
2017-11-01 12:52:39,413 DEBUG [Forwarding deleteAllCookies on session 012cbe2862bb400d1424869ebd724800 to remote] PoolingHttpClientConnectionManager:288 - Connection leased: [id: 2][route: {}->http://localhost:38260][total kept alive: 0; route allocated: 1 of 2000; total allocated: 1 of 2000]
2017-11-01 12:52:39,413 DEBUG [Forwarding deleteAllCookies on session 012cbe2862bb400d1424869ebd724800 to remote] MainClientExec:235 - Opening connection {}->http://localhost:38260
2017-11-01 12:52:39,413 DEBUG [Forwarding deleteAllCookies on session 012cbe2862bb400d1424869ebd724800 to remote] DefaultHttpClientConnectionOperator:139 - Connecting to localhost/127.0.0.1:38260
2017-11-01 12:52:39,414 DEBUG [Forwarding deleteAllCookies on session 012cbe2862bb400d1424869ebd724800 to remote] DefaultHttpClientConnectionOperator:146 - Connection established 127.0.0.1:54496<->127.0.0.1:38260
2017-11-01 12:52:39,414 DEBUG [Forwarding deleteAllCookies on session 012cbe2862bb400d1424869ebd724800 to remote] DefaultManagedHttpClientConnection:88 - http-outgoing-2: set socket timeout to 10800000
2017-11-01 12:52:39,414 DEBUG [Forwarding deleteAllCookies on session 012cbe2862bb400d1424869ebd724800 to remote] MainClientExec:256 - Executing request DELETE /session/012cbe2862bb400d1424869ebd724800/cookie HTTP/1.1
2017-11-01 12:52:39,414 DEBUG [Forwarding deleteAllCookies on session 012cbe2862bb400d1424869ebd724800 to remote] MainClientExec:261 - Target auth state: UNCHALLENGED
2017-11-01 12:52:39,415 DEBUG [Forwarding deleteAllCookies on session 012cbe2862bb400d1424869ebd724800 to remote] MainClientExec:267 - Proxy auth state: UNCHALLENGED
2017-11-01 12:52:39,415 DEBUG [Forwarding deleteAllCookies on session 012cbe2862bb400d1424869ebd724800 to remote] headers:133 - http-outgoing-2 >> DELETE /session/012cbe2862bb400d1424869ebd724800/cookie HTTP/1.1
2017-11-01 12:52:39,415 DEBUG [Forwarding deleteAllCookies on session 012cbe2862bb400d1424869ebd724800 to remote] headers:136 - http-outgoing-2 >> Host: localhost:38260
2017-11-01 12:52:39,415 DEBUG [Forwarding deleteAllCookies on session 012cbe2862bb400d1424869ebd724800 to remote] headers:136 - http-outgoing-2 >> Connection: Keep-Alive
2017-11-01 12:52:39,416 DEBUG [Forwarding deleteAllCookies on session 012cbe2862bb400d1424869ebd724800 to remote] headers:136 - http-outgoing-2 >> User-Agent: Apache-HttpClient/4.5.3 (Java/1.8.0_144)
2017-11-01 12:52:39,416 DEBUG [Forwarding deleteAllCookies on session 012cbe2862bb400d1424869ebd724800 to remote] headers:136 - http-outgoing-2 >> Accept-Encoding: gzip,deflate
2017-11-01 12:52:39,416 DEBUG [Forwarding deleteAllCookies on session 012cbe2862bb400d1424869ebd724800 to remote] wire:73 - http-outgoing-2 >> "DELETE /session/012cbe2862bb400d1424869ebd724800/cookie HTTP/1.1[\r][\n]"
2017-11-01 12:52:39,416 DEBUG [Forwarding deleteAllCookies on session 012cbe2862bb400d1424869ebd724800 to remote] wire:73 - http-outgoing-2 >> "Host: localhost:38260[\r][\n]"
2017-11-01 12:52:39,416 DEBUG [Forwarding deleteAllCookies on session 012cbe2862bb400d1424869ebd724800 to remote] wire:73 - http-outgoing-2 >> "Connection: Keep-Alive[\r][\n]"
2017-11-01 12:52:39,417 DEBUG [Forwarding deleteAllCookies on session 012cbe2862bb400d1424869ebd724800 to remote] wire:73 - http-outgoing-2 >> "User-Agent: Apache-HttpClient/4.5.3 (Java/1.8.0_144)[\r][\n]"
2017-11-01 12:52:39,417 DEBUG [Forwarding deleteAllCookies on session 012cbe2862bb400d1424869ebd724800 to remote] wire:73 - http-outgoing-2 >> "Accept-Encoding: gzip,deflate[\r][\n]"
2017-11-01 12:52:39,417 DEBUG [Forwarding deleteAllCookies on session 012cbe2862bb400d1424869ebd724800 to remote] wire:73 - http-outgoing-2 >> "[\r][\n]"
2017-11-01 12:52:39,481 DEBUG [Forwarding deleteAllCookies on session 012cbe2862bb400d1424869ebd724800 to remote] wire:73 - http-outgoing-2 << "HTTP/1.1 200 OK[\r][\n]"
2017-11-01 12:52:39,481 DEBUG [Forwarding deleteAllCookies on session 012cbe2862bb400d1424869ebd724800 to remote] wire:73 - http-outgoing-2 << "Content-Length:72[\r][\n]"
2017-11-01 12:52:39,481 DEBUG [Forwarding deleteAllCookies on session 012cbe2862bb400d1424869ebd724800 to remote] wire:73 - http-outgoing-2 << "Content-Type:application/json; charset=utf-8[\r][\n]"
2017-11-01 12:52:39,481 DEBUG [Forwarding deleteAllCookies on session 012cbe2862bb400d1424869ebd724800 to remote] wire:73 - http-outgoing-2 << "Connection:close[\r][\n]"
2017-11-01 12:52:39,482 DEBUG [Forwarding deleteAllCookies on session 012cbe2862bb400d1424869ebd724800 to remote] wire:73 - http-outgoing-2 << "[\r][\n]"
2017-11-01 12:52:39,482 DEBUG [Forwarding deleteAllCookies on session 012cbe2862bb400d1424869ebd724800 to remote] wire:87 - http-outgoing-2 << "{"sessionId":"012cbe2862bb400d1424869ebd724800","status":0,"value":null}"
2017-11-01 12:52:39,482 DEBUG [Forwarding deleteAllCookies on session 012cbe2862bb400d1424869ebd724800 to remote] headers:122 - http-outgoing-2 << HTTP/1.1 200 OK
2017-11-01 12:52:39,483 DEBUG [Forwarding deleteAllCookies on session 012cbe2862bb400d1424869ebd724800 to remote] headers:125 - http-outgoing-2 << Content-Length:72
2017-11-01 12:52:39,483 DEBUG [Forwarding deleteAllCookies on session 012cbe2862bb400d1424869ebd724800 to remote] headers:125 - http-outgoing-2 << Content-Type:application/json; charset=utf-8
2017-11-01 12:52:39,483 DEBUG [Forwarding deleteAllCookies on session 012cbe2862bb400d1424869ebd724800 to remote] headers:125 - http-outgoing-2 << Connection:close
2017-11-01 12:52:39,484 DEBUG [Forwarding deleteAllCookies on session 012cbe2862bb400d1424869ebd724800 to remote] DefaultManagedHttpClientConnection:79 - http-outgoing-2: Close connection
2017-11-01 12:52:39,484 DEBUG [Forwarding deleteAllCookies on session 012cbe2862bb400d1424869ebd724800 to remote] MainClientExec:104 - Connection discarded
2017-11-01 12:52:39,484 DEBUG [Forwarding deleteAllCookies on session 012cbe2862bb400d1424869ebd724800 to remote] PoolingHttpClientConnectionManager:326 - Connection released: [id: 2][route: {}->http://localhost:38260][total kept alive: 0; route allocated: 0 of 2000; total allocated: 0 of 2000]
2017-11-01 12:52:39,487 DEBUG [Forwarding setTimeout on session 012cbe2862bb400d1424869ebd724800 to remote] RequestAddCookies:123 - CookieSpec selected: default
2017-11-01 12:52:39,487 DEBUG [Forwarding setTimeout on session 012cbe2862bb400d1424869ebd724800 to remote] RequestAuthCache:77 - Auth cache not set in the context
2017-11-01 12:52:39,488 DEBUG [Forwarding setTimeout on session 012cbe2862bb400d1424869ebd724800 to remote] PoolingHttpClientConnectionManager:255 - Connection request: [route: {}->http://localhost:38260][total kept alive: 0; route allocated: 0 of 2000; total allocated: 0 of 2000]
2017-11-01 12:52:39,488 DEBUG [Forwarding setTimeout on session 012cbe2862bb400d1424869ebd724800 to remote] PoolingHttpClientConnectionManager:288 - Connection leased: [id: 3][route: {}->http://localhost:38260][total kept alive: 0; route allocated: 1 of 2000; total allocated: 1 of 2000]
2017-11-01 12:52:39,488 DEBUG [Forwarding setTimeout on session 012cbe2862bb400d1424869ebd724800 to remote] MainClientExec:235 - Opening connection {}->http://localhost:38260
2017-11-01 12:52:39,489 DEBUG [Forwarding setTimeout on session 012cbe2862bb400d1424869ebd724800 to remote] DefaultHttpClientConnectionOperator:139 - Connecting to localhost/127.0.0.1:38260
2017-11-01 12:52:39,489 DEBUG [Forwarding setTimeout on session 012cbe2862bb400d1424869ebd724800 to remote] DefaultHttpClientConnectionOperator:146 - Connection established 127.0.0.1:54497<->127.0.0.1:38260
2017-11-01 12:52:39,490 DEBUG [Forwarding setTimeout on session 012cbe2862bb400d1424869ebd724800 to remote] DefaultManagedHttpClientConnection:88 - http-outgoing-3: set socket timeout to 10800000
2017-11-01 12:52:39,490 DEBUG [Forwarding setTimeout on session 012cbe2862bb400d1424869ebd724800 to remote] MainClientExec:256 - Executing request POST /session/012cbe2862bb400d1424869ebd724800/timeouts HTTP/1.1
2017-11-01 12:52:39,490 DEBUG [Forwarding setTimeout on session 012cbe2862bb400d1424869ebd724800 to remote] MainClientExec:261 - Target auth state: UNCHALLENGED
2017-11-01 12:52:39,491 DEBUG [Forwarding setTimeout on session 012cbe2862bb400d1424869ebd724800 to remote] MainClientExec:267 - Proxy auth state: UNCHALLENGED
2017-11-01 12:52:39,491 DEBUG [Forwarding setTimeout on session 012cbe2862bb400d1424869ebd724800 to remote] headers:133 - http-outgoing-3 >> POST /session/012cbe2862bb400d1424869ebd724800/timeouts HTTP/1.1
2017-11-01 12:52:39,492 DEBUG [Forwarding setTimeout on session 012cbe2862bb400d1424869ebd724800 to remote] headers:136 - http-outgoing-3 >> Content-Type: application/json; charset=utf-8
2017-11-01 12:52:39,493 DEBUG [Forwarding setTimeout on session 012cbe2862bb400d1424869ebd724800 to remote] headers:136 - http-outgoing-3 >> Content-Length: 31
2017-11-01 12:52:39,494 DEBUG [Forwarding setTimeout on session 012cbe2862bb400d1424869ebd724800 to remote] headers:136 - http-outgoing-3 >> Host: localhost:38260
2017-11-01 12:52:39,495 DEBUG [Forwarding setTimeout on session 012cbe2862bb400d1424869ebd724800 to remote] headers:136 - http-outgoing-3 >> Connection: Keep-Alive
2017-11-01 12:52:39,496 DEBUG [Forwarding setTimeout on session 012cbe2862bb400d1424869ebd724800 to remote] headers:136 - http-outgoing-3 >> User-Agent: Apache-HttpClient/4.5.3 (Java/1.8.0_144)
2017-11-01 12:52:39,497 DEBUG [Forwarding setTimeout on session 012cbe2862bb400d1424869ebd724800 to remote] headers:136 - http-outgoing-3 >> Accept-Encoding: gzip,deflate
2017-11-01 12:52:39,497 DEBUG [Forwarding setTimeout on session 012cbe2862bb400d1424869ebd724800 to remote] wire:73 - http-outgoing-3 >> "POST /session/012cbe2862bb400d1424869ebd724800/timeouts HTTP/1.1[\r][\n]"
2017-11-01 12:52:39,498 DEBUG [Forwarding setTimeout on session 012cbe2862bb400d1424869ebd724800 to remote] wire:73 - http-outgoing-3 >> "Content-Type: application/json; charset=utf-8[\r][\n]"
2017-11-01 12:52:39,499 DEBUG [Forwarding setTimeout on session 012cbe2862bb400d1424869ebd724800 to remote] wire:73 - http-outgoing-3 >> "Content-Length: 31[\r][\n]"
2017-11-01 12:52:39,499 DEBUG [Forwarding setTimeout on session 012cbe2862bb400d1424869ebd724800 to remote] wire:73 - http-outgoing-3 >> "Host: localhost:38260[\r][\n]"
2017-11-01 12:52:39,500 DEBUG [Forwarding setTimeout on session 012cbe2862bb400d1424869ebd724800 to remote] wire:73 - http-outgoing-3 >> "Connection: Keep-Alive[\r][\n]"
2017-11-01 12:52:39,501 DEBUG [Forwarding setTimeout on session 012cbe2862bb400d1424869ebd724800 to remote] wire:73 - http-outgoing-3 >> "User-Agent: Apache-HttpClient/4.5.3 (Java/1.8.0_144)[\r][\n]"
2017-11-01 12:52:39,501 DEBUG [Forwarding setTimeout on session 012cbe2862bb400d1424869ebd724800 to remote] wire:73 - http-outgoing-3 >> "Accept-Encoding: gzip,deflate[\r][\n]"
2017-11-01 12:52:39,502 DEBUG [Forwarding setTimeout on session 012cbe2862bb400d1424869ebd724800 to remote] wire:73 - http-outgoing-3 >> "[\r][\n]"
2017-11-01 12:52:39,503 DEBUG [Forwarding setTimeout on session 012cbe2862bb400d1424869ebd724800 to remote] wire:87 - http-outgoing-3 >> "{"type":"page load","ms":30000}"
2017-11-01 12:52:39,504 DEBUG [Forwarding setTimeout on session 012cbe2862bb400d1424869ebd724800 to remote] wire:73 - http-outgoing-3 << "HTTP/1.1 200 OK[\r][\n]"
2017-11-01 12:52:39,504 DEBUG [Forwarding setTimeout on session 012cbe2862bb400d1424869ebd724800 to remote] wire:73 - http-outgoing-3 << "Content-Length:72[\r][\n]"
2017-11-01 12:52:39,505 DEBUG [Forwarding setTimeout on session 012cbe2862bb400d1424869ebd724800 to remote] wire:73 - http-outgoing-3 << "Content-Type:application/json; charset=utf-8[\r][\n]"
2017-11-01 12:52:39,505 DEBUG [Forwarding setTimeout on session 012cbe2862bb400d1424869ebd724800 to remote] wire:73 - http-outgoing-3 << "Connection:close[\r][\n]"
2017-11-01 12:52:39,506 DEBUG [Forwarding setTimeout on session 012cbe2862bb400d1424869ebd724800 to remote] wire:73 - http-outgoing-3 << "[\r][\n]"
2017-11-01 12:52:39,507 DEBUG [Forwarding setTimeout on session 012cbe2862bb400d1424869ebd724800 to remote] wire:87 - http-outgoing-3 << "{"sessionId":"012cbe2862bb400d1424869ebd724800","status":0,"value":null}"
2017-11-01 12:52:39,508 DEBUG [Forwarding setTimeout on session 012cbe2862bb400d1424869ebd724800 to remote] headers:122 - http-outgoing-3 << HTTP/1.1 200 OK
2017-11-01 12:52:39,509 DEBUG [Forwarding setTimeout on session 012cbe2862bb400d1424869ebd724800 to remote] headers:125 - http-outgoing-3 << Content-Length:72
2017-11-01 12:52:39,509 DEBUG [Forwarding setTimeout on session 012cbe2862bb400d1424869ebd724800 to remote] headers:125 - http-outgoing-3 << Content-Type:application/json; charset=utf-8
2017-11-01 12:52:39,510 DEBUG [Forwarding setTimeout on session 012cbe2862bb400d1424869ebd724800 to remote] headers:125 - http-outgoing-3 << Connection:close
2017-11-01 12:52:39,512 DEBUG [Forwarding setTimeout on session 012cbe2862bb400d1424869ebd724800 to remote] DefaultManagedHttpClientConnection:79 - http-outgoing-3: Close connection
2017-11-01 12:52:39,513 DEBUG [Forwarding setTimeout on session 012cbe2862bb400d1424869ebd724800 to remote] MainClientExec:104 - Connection discarded
2017-11-01 12:52:39,513 DEBUG [Forwarding setTimeout on session 012cbe2862bb400d1424869ebd724800 to remote] PoolingHttpClientConnectionManager:326 - Connection released: [id: 3][route: {}->http://localhost:38260][total kept alive: 0; route allocated: 0 of 2000; total allocated: 0 of 2000]
2017-11-01 12:52:39,516 DEBUG [Forwarding setTimeout on session 012cbe2862bb400d1424869ebd724800 to remote] RequestAddCookies:123 - CookieSpec selected: default
2017-11-01 12:52:39,517 DEBUG [Forwarding setTimeout on session 012cbe2862bb400d1424869ebd724800 to remote] RequestAuthCache:77 - Auth cache not set in the context
2017-11-01 12:52:39,521 DEBUG [Forwarding setTimeout on session 012cbe2862bb400d1424869ebd724800 to remote] PoolingHttpClientConnectionManager:255 - Connection request: [route: {}->http://localhost:38260][total kept alive: 0; route allocated: 0 of 2000; total allocated: 0 of 2000]
2017-11-01 12:52:39,522 DEBUG [Forwarding setTimeout on session 012cbe2862bb400d1424869ebd724800 to remote] PoolingHttpClientConnectionManager:288 - Connection leased: [id: 4][route: {}->http://localhost:38260][total kept alive: 0; route allocated: 1 of 2000; total allocated: 1 of 2000]
2017-11-01 12:52:39,523 DEBUG [Forwarding setTimeout on session 012cbe2862bb400d1424869ebd724800 to remote] MainClientExec:235 - Opening connection {}->http://localhost:38260
2017-11-01 12:52:39,523 DEBUG [Forwarding setTimeout on session 012cbe2862bb400d1424869ebd724800 to remote] DefaultHttpClientConnectionOperator:139 - Connecting to localhost/127.0.0.1:38260
2017-11-01 12:52:39,525 DEBUG [Forwarding setTimeout on session 012cbe2862bb400d1424869ebd724800 to remote] DefaultHttpClientConnectionOperator:146 - Connection established 127.0.0.1:54498<->127.0.0.1:38260
2017-11-01 12:52:39,526 DEBUG [Forwarding setTimeout on session 012cbe2862bb400d1424869ebd724800 to remote] DefaultManagedHttpClientConnection:88 - http-outgoing-4: set socket timeout to 10800000
2017-11-01 12:52:39,529 DEBUG [Forwarding setTimeout on session 012cbe2862bb400d1424869ebd724800 to remote] MainClientExec:256 - Executing request POST /session/012cbe2862bb400d1424869ebd724800/timeouts HTTP/1.1
2017-11-01 12:52:39,529 DEBUG [Forwarding setTimeout on session 012cbe2862bb400d1424869ebd724800 to remote] MainClientExec:261 - Target auth state: UNCHALLENGED
2017-11-01 12:52:39,532 DEBUG [Forwarding setTimeout on session 012cbe2862bb400d1424869ebd724800 to remote] MainClientExec:267 - Proxy auth state: UNCHALLENGED
2017-11-01 12:52:39,533 DEBUG [Forwarding setTimeout on session 012cbe2862bb400d1424869ebd724800 to remote] headers:133 - http-outgoing-4 >> POST /session/012cbe2862bb400d1424869ebd724800/timeouts HTTP/1.1
2017-11-01 12:52:39,534 DEBUG [Forwarding setTimeout on session 012cbe2862bb400d1424869ebd724800 to remote] headers:136 - http-outgoing-4 >> Content-Type: application/json; charset=utf-8
2017-11-01 12:52:39,534 DEBUG [Forwarding setTimeout on session 012cbe2862bb400d1424869ebd724800 to remote] headers:136 - http-outgoing-4 >> Content-Length: 30
2017-11-01 12:52:39,535 DEBUG [Forwarding setTimeout on session 012cbe2862bb400d1424869ebd724800 to remote] headers:136 - http-outgoing-4 >> Host: localhost:38260
2017-11-01 12:52:39,535 DEBUG [Forwarding setTimeout on session 012cbe2862bb400d1424869ebd724800 to remote] headers:136 - http-outgoing-4 >> Connection: Keep-Alive
2017-11-01 12:52:39,535 DEBUG [Forwarding setTimeout on session 012cbe2862bb400d1424869ebd724800 to remote] headers:136 - http-outgoing-4 >> User-Agent: Apache-HttpClient/4.5.3 (Java/1.8.0_144)
2017-11-01 12:52:39,536 DEBUG [Forwarding setTimeout on session 012cbe2862bb400d1424869ebd724800 to remote] headers:136 - http-outgoing-4 >> Accept-Encoding: gzip,deflate
2017-11-01 12:52:39,536 DEBUG [Forwarding setTimeout on session 012cbe2862bb400d1424869ebd724800 to remote] wire:73 - http-outgoing-4 >> "POST /session/012cbe2862bb400d1424869ebd724800/timeouts HTTP/1.1[\r][\n]"
2017-11-01 12:52:39,537 DEBUG [Forwarding setTimeout on session 012cbe2862bb400d1424869ebd724800 to remote] wire:73 - http-outgoing-4 >> "Content-Type: application/json; charset=utf-8[\r][\n]"
2017-11-01 12:52:39,537 DEBUG [Forwarding setTimeout on session 012cbe2862bb400d1424869ebd724800 to remote] wire:73 - http-outgoing-4 >> "Content-Length: 30[\r][\n]"
2017-11-01 12:52:39,538 DEBUG [Forwarding setTimeout on session 012cbe2862bb400d1424869ebd724800 to remote] wire:73 - http-outgoing-4 >> "Host: localhost:38260[\r][\n]"
2017-11-01 12:52:39,538 DEBUG [Forwarding setTimeout on session 012cbe2862bb400d1424869ebd724800 to remote] wire:73 - http-outgoing-4 >> "Connection: Keep-Alive[\r][\n]"
2017-11-01 12:52:39,538 DEBUG [Forwarding setTimeout on session 012cbe2862bb400d1424869ebd724800 to remote] wire:73 - http-outgoing-4 >> "User-Agent: Apache-HttpClient/4.5.3 (Java/1.8.0_144)[\r][\n]"
2017-11-01 12:52:39,539 DEBUG [Forwarding setTimeout on session 012cbe2862bb400d1424869ebd724800 to remote] wire:73 - http-outgoing-4 >> "Accept-Encoding: gzip,deflate[\r][\n]"
2017-11-01 12:52:39,539 DEBUG [Forwarding setTimeout on session 012cbe2862bb400d1424869ebd724800 to remote] wire:73 - http-outgoing-4 >> "[\r][\n]"
2017-11-01 12:52:39,540 DEBUG [Forwarding setTimeout on session 012cbe2862bb400d1424869ebd724800 to remote] wire:87 - http-outgoing-4 >> "{"type":"implicit","ms":10000}"
2017-11-01 12:52:39,542 DEBUG [Forwarding setTimeout on session 012cbe2862bb400d1424869ebd724800 to remote] wire:73 - http-outgoing-4 << "HTTP/1.1 200 OK[\r][\n]"
2017-11-01 12:52:39,542 DEBUG [Forwarding setTimeout on session 012cbe2862bb400d1424869ebd724800 to remote] wire:73 - http-outgoing-4 << "Content-Length:72[\r][\n]"
2017-11-01 12:52:39,543 DEBUG [Forwarding setTimeout on session 012cbe2862bb400d1424869ebd724800 to remote] wire:73 - http-outgoing-4 << "Content-Type:application/json; charset=utf-8[\r][\n]"
2017-11-01 12:52:39,544 DEBUG [Forwarding setTimeout on session 012cbe2862bb400d1424869ebd724800 to remote] wire:73 - http-outgoing-4 << "Connection:close[\r][\n]"
2017-11-01 12:52:39,544 DEBUG [Forwarding setTimeout on session 012cbe2862bb400d1424869ebd724800 to remote] wire:73 - http-outgoing-4 << "[\r][\n]"
2017-11-01 12:52:39,544 DEBUG [Forwarding setTimeout on session 012cbe2862bb400d1424869ebd724800 to remote] wire:87 - http-outgoing-4 << "{"sessionId":"012cbe2862bb400d1424869ebd724800","status":0,"value":null}"
2017-11-01 12:52:39,545 DEBUG [Forwarding setTimeout on session 012cbe2862bb400d1424869ebd724800 to remote] headers:122 - http-outgoing-4 << HTTP/1.1 200 OK
2017-11-01 12:52:39,545 DEBUG [Forwarding setTimeout on session 012cbe2862bb400d1424869ebd724800 to remote] headers:125 - http-outgoing-4 << Content-Length:72
2017-11-01 12:52:39,545 DEBUG [Forwarding setTimeout on session 012cbe2862bb400d1424869ebd724800 to remote] headers:125 - http-outgoing-4 << Content-Type:application/json; charset=utf-8
2017-11-01 12:52:39,545 DEBUG [Forwarding setTimeout on session 012cbe2862bb400d1424869ebd724800 to remote] headers:125 - http-outgoing-4 << Connection:close
2017-11-01 12:52:39,546 DEBUG [Forwarding setTimeout on session 012cbe2862bb400d1424869ebd724800 to remote] DefaultManagedHttpClientConnection:79 - http-outgoing-4: Close connection
2017-11-01 12:52:39,546 DEBUG [Forwarding setTimeout on session 012cbe2862bb400d1424869ebd724800 to remote] MainClientExec:104 - Connection discarded
2017-11-01 12:52:39,546 DEBUG [Forwarding setTimeout on session 012cbe2862bb400d1424869ebd724800 to remote] PoolingHttpClientConnectionManager:326 - Connection released: [id: 4][route: {}->http://localhost:38260][total kept alive: 0; route allocated: 0 of 2000; total allocated: 0 of 2000]
2017-11-01 12:52:39,549 DEBUG [Forwarding get on session 012cbe2862bb400d1424869ebd724800 to remote] RequestAddCookies:123 - CookieSpec selected: default
2017-11-01 12:52:39,550 DEBUG [Forwarding get on session 012cbe2862bb400d1424869ebd724800 to remote] RequestAuthCache:77 - Auth cache not set in the context
2017-11-01 12:52:39,550 DEBUG [Forwarding get on session 012cbe2862bb400d1424869ebd724800 to remote] PoolingHttpClientConnectionManager:255 - Connection request: [route: {}->http://localhost:38260][total kept alive: 0; route allocated: 0 of 2000; total allocated: 0 of 2000]
2017-11-01 12:52:39,550 DEBUG [Forwarding get on session 012cbe2862bb400d1424869ebd724800 to remote] PoolingHttpClientConnectionManager:288 - Connection leased: [id: 5][route: {}->http://localhost:38260][total kept alive: 0; route allocated: 1 of 2000; total allocated: 1 of 2000]
2017-11-01 12:52:39,550 DEBUG [Forwarding get on session 012cbe2862bb400d1424869ebd724800 to remote] MainClientExec:235 - Opening connection {}->http://localhost:38260
2017-11-01 12:52:39,551 DEBUG [Forwarding get on session 012cbe2862bb400d1424869ebd724800 to remote] DefaultHttpClientConnectionOperator:139 - Connecting to localhost/127.0.0.1:38260
2017-11-01 12:52:39,551 DEBUG [Forwarding get on session 012cbe2862bb400d1424869ebd724800 to remote] DefaultHttpClientConnectionOperator:146 - Connection established 127.0.0.1:54499<->127.0.0.1:38260
2017-11-01 12:52:39,552 DEBUG [Forwarding get on session 012cbe2862bb400d1424869ebd724800 to remote] DefaultManagedHttpClientConnection:88 - http-outgoing-5: set socket timeout to 10800000
2017-11-01 12:52:39,552 DEBUG [Forwarding get on session 012cbe2862bb400d1424869ebd724800 to remote] MainClientExec:256 - Executing request POST /session/012cbe2862bb400d1424869ebd724800/url HTTP/1.1
2017-11-01 12:52:39,552 DEBUG [Forwarding get on session 012cbe2862bb400d1424869ebd724800 to remote] MainClientExec:261 - Target auth state: UNCHALLENGED
2017-11-01 12:52:39,552 DEBUG [Forwarding get on session 012cbe2862bb400d1424869ebd724800 to remote] MainClientExec:267 - Proxy auth state: UNCHALLENGED
2017-11-01 12:52:39,553 DEBUG [Forwarding get on session 012cbe2862bb400d1424869ebd724800 to remote] headers:133 - http-outgoing-5 >> POST /session/012cbe2862bb400d1424869ebd724800/url HTTP/1.1
2017-11-01 12:52:39,553 DEBUG [Forwarding get on session 012cbe2862bb400d1424869ebd724800 to remote] headers:136 - http-outgoing-5 >> Content-Type: application/json; charset=utf-8
2017-11-01 12:52:39,553 DEBUG [Forwarding get on session 012cbe2862bb400d1424869ebd724800 to remote] headers:136 - http-outgoing-5 >> Content-Length: 34
2017-11-01 12:52:39,553 DEBUG [Forwarding get on session 012cbe2862bb400d1424869ebd724800 to remote] headers:136 - http-outgoing-5 >> Host: localhost:38260
2017-11-01 12:52:39,553 DEBUG [Forwarding get on session 012cbe2862bb400d1424869ebd724800 to remote] headers:136 - http-outgoing-5 >> Connection: Keep-Alive
2017-11-01 12:52:39,554 DEBUG [Forwarding get on session 012cbe2862bb400d1424869ebd724800 to remote] headers:136 - http-outgoing-5 >> User-Agent: Apache-HttpClient/4.5.3 (Java/1.8.0_144)
2017-11-01 12:52:39,554 DEBUG [Forwarding get on session 012cbe2862bb400d1424869ebd724800 to remote] headers:136 - http-outgoing-5 >> Accept-Encoding: gzip,deflate
2017-11-01 12:52:39,554 DEBUG [Forwarding get on session 012cbe2862bb400d1424869ebd724800 to remote] wire:73 - http-outgoing-5 >> "POST /session/012cbe2862bb400d1424869ebd724800/url HTTP/1.1[\r][\n]"
2017-11-01 12:52:39,554 DEBUG [Forwarding get on session 012cbe2862bb400d1424869ebd724800 to remote] wire:73 - http-outgoing-5 >> "Content-Type: application/json; charset=utf-8[\r][\n]"
2017-11-01 12:52:39,555 DEBUG [Forwarding get on session 012cbe2862bb400d1424869ebd724800 to remote] wire:73 - http-outgoing-5 >> "Content-Length: 34[\r][\n]"
2017-11-01 12:52:39,555 DEBUG [Forwarding get on session 012cbe2862bb400d1424869ebd724800 to remote] wire:73 - http-outgoing-5 >> "Host: localhost:38260[\r][\n]"
2017-11-01 12:52:39,555 DEBUG [Forwarding get on session 012cbe2862bb400d1424869ebd724800 to remote] wire:73 - http-outgoing-5 >> "Connection: Keep-Alive[\r][\n]"
2017-11-01 12:52:39,555 DEBUG [Forwarding get on session 012cbe2862bb400d1424869ebd724800 to remote] wire:73 - http-outgoing-5 >> "User-Agent: Apache-HttpClient/4.5.3 (Java/1.8.0_144)[\r][\n]"
2017-11-01 12:52:39,555 DEBUG [Forwarding get on session 012cbe2862bb400d1424869ebd724800 to remote] wire:73 - http-outgoing-5 >> "Accept-Encoding: gzip,deflate[\r][\n]"
2017-11-01 12:52:39,556 DEBUG [Forwarding get on session 012cbe2862bb400d1424869ebd724800 to remote] wire:73 - http-outgoing-5 >> "[\r][\n]"
2017-11-01 12:52:39,556 DEBUG [Forwarding get on session 012cbe2862bb400d1424869ebd724800 to remote] wire:87 - http-outgoing-5 >> "{"url":"https://www.freecrm.com/"}"
2017-11-01 12:53:09,571 DEBUG [Forwarding get on session 012cbe2862bb400d1424869ebd724800 to remote] wire:73 - http-outgoing-5 << "HTTP/1.1 200 OK[\r][\n]"
2017-11-01 12:53:09,572 DEBUG [Forwarding get on session 012cbe2862bb400d1424869ebd724800 to remote] wire:73 - http-outgoing-5 << "Content-Length:249[\r][\n]"
2017-11-01 12:53:09,572 DEBUG [Forwarding get on session 012cbe2862bb400d1424869ebd724800 to remote] wire:73 - http-outgoing-5 << "Content-Type:application/json; charset=utf-8[\r][\n]"
2017-11-01 12:53:09,573 DEBUG [Forwarding get on session 012cbe2862bb400d1424869ebd724800 to remote] wire:73 - http-outgoing-5 << "Connection:close[\r][\n]"
2017-11-01 12:53:09,573 DEBUG [Forwarding get on session 012cbe2862bb400d1424869ebd724800 to remote] wire:73 - http-outgoing-5 << "[\r][\n]"
2017-11-01 12:53:09,574 DEBUG [Forwarding get on session 012cbe2862bb400d1424869ebd724800 to remote] wire:87 - http-outgoing-5 << "{"sessionId":"012cbe2862bb400d1424869ebd724800","status":21,"value":{"message":"timeout\n  (Session info: chrome=61.0.3163.100)\n  (Driver info: chromedriver=2.32.498537 (cb2f855cbc7b82e20387eaf9a43f6b99b6105061),platform=Mac OS X 10.12.5 x86_64)"}}"
2017-11-01 12:53:09,574 DEBUG [Forwarding get on session 012cbe2862bb400d1424869ebd724800 to remote] headers:122 - http-outgoing-5 << HTTP/1.1 200 OK
2017-11-01 12:53:09,575 DEBUG [Forwarding get on session 012cbe2862bb400d1424869ebd724800 to remote] headers:125 - http-outgoing-5 << Content-Length:249
2017-11-01 12:53:09,575 DEBUG [Forwarding get on session 012cbe2862bb400d1424869ebd724800 to remote] headers:125 - http-outgoing-5 << Content-Type:application/json; charset=utf-8
2017-11-01 12:53:09,575 DEBUG [Forwarding get on session 012cbe2862bb400d1424869ebd724800 to remote] headers:125 - http-outgoing-5 << Connection:close
2017-11-01 12:53:09,576 DEBUG [Forwarding get on session 012cbe2862bb400d1424869ebd724800 to remote] DefaultManagedHttpClientConnection:79 - http-outgoing-5: Close connection
2017-11-01 12:53:09,576 DEBUG [Forwarding get on session 012cbe2862bb400d1424869ebd724800 to remote] MainClientExec:104 - Connection discarded
2017-11-01 12:53:09,577 DEBUG [Forwarding get on session 012cbe2862bb400d1424869ebd724800 to remote] PoolingHttpClientConnectionManager:326 - Connection released: [id: 5][route: {}->http://localhost:38260][total kept alive: 0; route allocated: 0 of 2000; total allocated: 0 of 2000]
